1711219468304:help
1711219471955:a
1711219478553:g
1711219486481:b
1711219717887:stacktrac
1711219724147:stacktrace
1711219803474:b
1711220395748:stacktrace
1711220476842:b
1711220533962:B
1711220536605:b
1711221252670:B
1711221254296:b
1711221412298:help
1711221421736:a
1711221422762:g
1711221424701:b
1711221430223:rb 2
1711221485630:rb --book 1
1711223482627:b
1711223673718:рудз ки
1711223676692:help rb
1711223683632:rm --book 1
1711223691939:rb --book 1
1711223726345:b
1711223731610:clear
1711223736696:c
1711223747238:rb --book 1
1711223856933:b
1711223873878:rb --book 2
1711223876926:b
1711223882004:rb --book 1
1711223884490:b
1711223965925:rb 1
1711223968212:rb 2
1711223970467:b
1711224256412:и
1711224257578:b
1711224397933:console
1711224572224:b
1711224575630:rb 1
1711224596550:rb 2
1711224669482:help
1711224688746:help ab
1711225069817:rb 1
1711225072086:rb 2
1711225083119:console
1711225178265:ab --author 1 genre 1,1
1711225188842:ab --author 1 --genre 1,1
1711225205260:ab --author 1 genre 1,1 --title test_shell
1711225234355:ab --author 1 --genre 1,1 --title test_shell
1711225251835:ab --author 2 genre 1,3 --title test_shell_2
1711225274854:ab --author 2 --genre 4,3 --title test_shell_2
1711225469252:ab --author 1,2 --genre 4,5 --title test_shell_3
1711225480066:help
1711225496505:b
1711225520721:ub --title test_shell_3_new desc --book 5
1711225574468:stacktrace
1711225677352:B
1711225679046:b
1711225700068:ub --title test_shell_3_new desc --book 1
1711225707779:stacktrace
1711226259237:ub --title onenone --book 1
1711226270768:stacktrace
1711226351741:b
1711226362378:ub --book 1 --title oneoonne
1711226364684:b
1711226371343:console
1711226400690:ub --book 2 --title sdfonffeoonne
1711226439139:ub --book 3 --title sdfonffeoonne
1711226454629:stacktrace
1711226521123:ub --book 212 --title sd
1711226570095:ub --book 2 --title sd
1711226580403:ub --book 1 --title
1711226585186:ub --book 212 --title sd
1711226588399:console
1711226615371:help
1711226656745:ab --author 2,3,333 --genre 1,2,323 --title myTitle
1711226666152:ab --author 1,2 --genre 1,2,323 --title myTitle
1711226670350:ab --author 2,3 --genre 1,2,323 --title myTitle
1711226679842:ab --author 1,2 --genre 1,2,323 --title myTitle
1711226742634:ab --author 1,2 --genre 1,2 --title myTitle
1711226938007:help
1711228612387:console
1711228626438:help
1711228632074:help cread
1711228649048:cread --book 1
1711228709917:cread --book 2
1711228713039:cread --book 4
1711232181407:console
1711232196449:help
1711232207918:cread --book 1
1711232215701:cread --book 2
1711232226970:help
1711232235555:help cupd
1711232280661:cdelete --comment 1
1711232283841:help
1711232300228:cdel --comment 1
1711232310384:stacktrace
1711232576732:cdel --comment 1
1711232592394:cdel 121
1711232640680:cdel 23
1711232662618:cdel 12
1711232672384:cdel 1
1711232675048:console
1711232722351:cdel 4
1711232729224:cdel 5
1711232771871:cdel 3
1711232773866:cdel 6
1711232825556:cread --book 1
1711232832060:cread --book 2
1711232918030:cdel 1
1711232924106:cdel 2
1711232925812:cdel 3
1711232927710:cdel 4
1711232929387:cdel 5
1711232931071:cdel 6
1711232932734:cdel 7
1711232947690:cread --book 1
1711233174134:cc --book 1 --comment my_comment
1711233184173:console
1711233263255:cupd --id 1 --comment new comment my
1711233267825:console
1711233349452:cupd --id 1 --comment new comment my
1711233352326:console
1711233385338:cc --book 1 --comment best book!
1711234948622:b
1711234950890:c
1711234952787:g
1711234957391:a
1711234967592:cread 1
1711234971717:cread 2
1711234973851:exit
1711235234232:a
1711235235531:g
1711235236907:b
1711235453140:g
1711235454391:a
1711235456037:b
1711235457649:exit
